Option "browserTarget" is deprecated: Use 'buildTarget' instead.
- Generating browser application bundles (phase: setup)...
    TypeScript compiler options "target" and "useDefineForClassFields" are set to "ES2022" and "false" respectively by the Angular CLI. To control ECMA version and features use the Browserslist configuration. For more information, see https://angular.io/guide/build#configuring-browser-compatibility
    NOTE: You can set the "target" to "ES2022" in the project's tsconfig to remove this warning.
√ Browser application bundle generation complete.
√ Browser application bundle generation complete.
√ Browser application bundle generation complete.
√ Browser application bundle generation complete.
√ Browser application bundle generation complete.
√ Browser application bundle generation complete.
√ Browser application bundle generation complete.
√ Browser application bundle generation complete.
√ Browser application bundle generation complete.
√ Browser application bundle generation complete.
√ Browser application bundle generation complete.
√ Browser application bundle generation complete.
√ Browser application bundle generation complete.
(node:18316) [DEP0060] DeprecationWarning: The `util._extend` API is deprecated. Please use Object.assign() instead.
(Use `node --trace-deprecation ...` to show where the warning was created)
<e> [webpack-dev-server] [HPM] Error occurred while proxying request localhost:4200/dashboard/overview?userId=1 to http://localhost:8080/ [ECONNREFUSED] (https://nodejs.org/api/errors.html#errors_common_system_errors)
<e> [webpack-dev-server] [HPM] Error occurred while proxying request localhost:4200/dashboard/balance-trend?userId=1&startDate=2026-01-01&endDate=2026-05-18 to http://localhost:8080/ [ECONNREFUSED] (https://nodejs.org/api/errors.html#errors_common_system_errors)
<e> [webpack-dev-server] [HPM] Error occurred while proxying request localhost:4200/dashboard/income-expense-breakdown?userId=1&startDate=2026-05-01&endDate=2026-05-31 to http://localhost:8080/ [ECONNREFUSED] (https://nodejs.org/api/errors.html#errors_common_system_errors)
<e> [webpack-dev-server] [HPM] Error occurred while proxying request localhost:4200/transaction?userId=1 to http://localhost:8080/ [ECONNREFUSED] (https://nodejs.org/api/errors.html#errors_common_system_errors)
<e> [webpack-dev-server] [HPM] Error occurred while proxying request localhost:4200/dashboard/income-expense-breakdown?userId=1&startDate=2026-04-30&endDate=2026-05-30 to http://localhost:8080/ [ECONNREFUSED] (https://nodejs.org/api/errors.html#errors_common_system_errors)
<e> [webpack-dev-server] [HPM] Error occurred while proxying request 127.0.0.1:4200/dashboard/overview?userId=1 to http://localhost:8080/ [ECONNREFUSED] (https://nodejs.org/api/errors.html#errors_common_system_errors)
<e> [webpack-dev-server] [HPM] Error occurred while proxying request 127.0.0.1:4200/dashboard/balance-trend?userId=1&startDate=2026-01-01&endDate=2026-05-18 to http://localhost:8080/ [ECONNREFUSED] (https://nodejs.org/api/errors.html#errors_common_system_errors)
<e> [webpack-dev-server] [HPM] Error occurred while proxying request 127.0.0.1:4200/dashboard/income-expense-breakdown?userId=1&startDate=2026-05-01&endDate=2026-05-31 to http://localhost:8080/ [ECONNREFUSED] (https://nodejs.org/api/errors.html#errors_common_system_errors)
<e> [webpack-dev-server] [HPM] Error occurred while proxying request 127.0.0.1:4200/transaction?userId=1 to http://localhost:8080/ [ECONNREFUSED] (https://nodejs.org/api/errors.html#errors_common_system_errors)
<e> [webpack-dev-server] [HPM] Error occurred while proxying request 127.0.0.1:4200/dashboard/income-expense-breakdown?userId=1&startDate=2026-04-30&endDate=2026-05-30 to http://localhost:8080/ [ECONNREFUSED] (https://nodejs.org/api/errors.html#errors_common_system_errors)
