
Initial chunk files   | Names         |  Raw size
vendor.js             | vendor        |   5.95 MB | 
main.js               | main          | 873.32 kB | 
polyfills.js          | polyfills     | 265.79 kB | 
styles.css, styles.js | styles        | 174.88 kB | 
runtime.js            | runtime       |   6.49 kB | 

                      | Initial total |   7.24 MB

Build at: 2026-05-18T15:31:23.434Z - Hash: e805807bdf013d76 - Time: 14424ms

** Angular Live Development Server is listening on 127.0.0.1:4200, open your browser on http://127.0.0.1:4200/ **


√ Compiled successfully.

Initial chunk files | Names   |  Raw size
main.js             | main    | 873.42 kB | 
runtime.js          | runtime |   6.49 kB | 

3 unchanged chunks

Build at: 2026-05-18T15:51:46.664Z - Hash: 2a10573d29550a1a - Time: 3186ms

√ Compiled successfully.

Initial chunk files | Names   |  Raw size
main.js             | main    | 874.37 kB | 
runtime.js          | runtime |   6.49 kB | 

3 unchanged chunks

Build at: 2026-05-18T15:52:00.436Z - Hash: d8a792ee70fa27bd - Time: 1981ms

√ Compiled successfully.

Initial chunk files | Names   |  Raw size
main.js             | main    | 881.98 kB | 
runtime.js          | runtime |   6.49 kB | 

3 unchanged chunks

Build at: 2026-05-18T15:52:21.003Z - Hash: c52219a84e04ffc2 - Time: 9447ms

√ Compiled successfully.



5 unchanged chunks

Build at: 2026-05-18T15:52:21.723Z - Hash: c52219a84e04ffc2 - Time: 519ms

√ Compiled successfully.

Initial chunk files | Names   |  Raw size
main.js             | main    | 882.04 kB | 
runtime.js          | runtime |   6.49 kB | 

3 unchanged chunks

Build at: 2026-05-18T16:01:32.327Z - Hash: 97816d887466b971 - Time: 4862ms

√ Compiled successfully.

Initial chunk files | Names   |  Raw size
main.js             | main    | 890.61 kB | 
runtime.js          | runtime |   6.49 kB | 

3 unchanged chunks

Build at: 2026-05-18T16:01:57.957Z - Hash: d11fe34b30cd372a - Time: 12008ms

√ Compiled successfully.

Initial chunk files | Names   |  Raw size
main.js             | main    | 891.69 kB | 
runtime.js          | runtime |   6.49 kB | 

3 unchanged chunks

Build at: 2026-05-18T16:07:12.655Z - Hash: f7d0c4a379954496 - Time: 2019ms

√ Compiled successfully.

Initial chunk files | Names   |  Raw size
main.js             | main    | 905.60 kB | 
runtime.js          | runtime |   6.49 kB | 

3 unchanged chunks

Build at: 2026-05-18T16:07:38.663Z - Hash: c800fde46e577ebe - Time: 9865ms

√ Compiled successfully.

Initial chunk files | Names   |  Raw size
main.js             | main    | 905.95 kB | 
runtime.js          | runtime |   6.49 kB | 

3 unchanged chunks

Build at: 2026-05-18T16:09:41.935Z - Hash: a2e014cebad96045 - Time: 1731ms

√ Compiled successfully.

Initial chunk files | Names   |  Raw size
main.js             | main    | 906.35 kB | 
runtime.js          | runtime |   6.49 kB | 

3 unchanged chunks

Build at: 2026-05-18T16:09:47.924Z - Hash: 9500a3c2e9fed74c - Time: 1083ms

√ Compiled successfully.

Initial chunk files | Names   |  Raw size
main.js             | main    | 908.02 kB | 
runtime.js          | runtime |   6.49 kB | 

3 unchanged chunks

Build at: 2026-05-18T16:10:03.831Z - Hash: a3d40f7fad718e05 - Time: 10710ms

√ Compiled successfully.

Initial chunk files | Names   |  Raw size
main.js             | main    | 908.02 kB | 
runtime.js          | runtime |   6.49 kB | 

3 unchanged chunks

Build at: 2026-05-18T16:11:44.453Z - Hash: 65a5e752e1a71ef5 - Time: 1708ms

√ Compiled successfully.
